This file contains any messages produced by compilers while
running configure, to aid debugging if configure makes a mistake.

It was created by pdp11tools configure 1.1, which was
generated by GNU Autoconf 2.71.  Invocation command line was

  $ ./configure

## --------- ##
## Platform. ##
## --------- ##

hostname = rampa-mac.local
uname -m = arm64
uname -r = 22.1.0
uname -s = Darwin
uname -v = Darwin Kernel Version 22.1.0: Sun Oct  9 20:14:30 PDT 2022; root:xnu-8792.41.9~2/RELEASE_ARM64_T8103

/usr/bin/uname -p = arm
/bin/uname -X     = unknown

/bin/arch              = unknown
/usr/bin/arch -k       = unknown
/usr/convex/getsysinfo = unknown
/usr/bin/hostinfo      = Mach kernel version:
	 Darwin Kernel Version 22.1.0: Sun Oct  9 20:14:30 PDT 2022; root:xnu-8792.41.9~2/RELEASE_ARM64_T8103
Kernel configured for up to 8 processors.
8 processors are physically available.
8 processors are logically available.
Processor type: arm64e (ARM64E)
Processors active: 0 1 2 3 4 5 6 7
Primary memory available: 8.00 gigabytes
Default processor set: 365 tasks, 2183 threads, 8 processors
Load average: 5.40, Mach factor: 2.59
/bin/machine           = unknown
/usr/bin/oslevel       = unknown
/bin/universe          = unknown

PATH: /Users/rampa/.rvm/gems/ruby-3.0.0/bin/
PATH: /Users/rampa/.rvm/gems/ruby-3.0.0@global/bin/
PATH: /Users/rampa/.rvm/rubies/ruby-3.0.0/bin/
PATH: /Library/Frameworks/Python.framework/Versions/2.7/bin/
PATH: /opt/local/bin/
PATH: /opt/local/sbin/
PATH: /opt/homebrew/bin/
PATH: /opt/homebrew/sbin/
PATH: /usr/local/bin/
PATH: /System/Cryptexes/App/usr/bin/
PATH: /usr/bin/
PATH: /bin/
PATH: /usr/sbin/
PATH: /sbin/
PATH: /Applications/VMware Fusion Tech Preview.app/Contents/Public/
PATH: /Library/TeX/texbin/
PATH: /opt/X11/bin/
PATH: /Library/Apple/usr/bin/
PATH: /Users/rampa/.rvm/bin/


## ----------- ##
## Core tests. ##
## ----------- ##

configure:2172: looking for aux files: compile missing install-sh
configure:2185:  trying ./config/
configure:2214:   ./config/compile found
configure:2214:   ./config/missing found
configure:2196:   ./config/install-sh found
configure:2347: checking for a BSD-compatible install
configure:2420: result: /opt/homebrew/bin/ginstall -c
configure:2431: checking whether build environment is sane
configure:2486: result: yes
configure:2645: checking for a race-free mkdir -p
configure:2689: result: /opt/homebrew/bin/gmkdir -p
configure:2696: checking for gawk
configure:2717: found /opt/homebrew/bin/gawk
configure:2728: result: gawk
configure:2739: checking whether make sets $(MAKE)
configure:2762: result: yes
configure:2792: checking whether make supports nested variables
configure:2810: result: yes
configure:3010: checking for gcc
configure:3031: found /usr/bin/gcc
configure:3042: result: gcc
configure:3395: checking for C compiler version
configure:3404: gcc --version >&5
Apple clang version 14.0.0 (clang-1400.0.29.202)
Target: arm64-apple-darwin22.1.0
Thread model: posix
InstalledDir: /Library/Developer/CommandLineTools/usr/bin
configure:3415: $? = 0
configure:3404: gcc -v >&5
Apple clang version 14.0.0 (clang-1400.0.29.202)
Target: arm64-apple-darwin22.1.0
Thread model: posix
InstalledDir: /Library/Developer/CommandLineTools/usr/bin
configure:3415: $? = 0
configure:3404: gcc -V >&5
clang: error: argument to '-V' is missing (expected 1 value)
clang: error: no input files
configure:3415: $? = 1
configure:3404: gcc -qversion >&5
clang: error: unknown argument '-qversion'; did you mean '--version'?
clang: error: no input files
configure:3415: $? = 1
configure:3404: gcc -version >&5
clang: error: unknown argument '-version'; did you mean '--version'?
clang: error: no input files
configure:3415: $? = 1
configure:3435: checking whether the C compiler works
configure:3457: gcc    conftest.c  >&5
configure:3461: $? = 0
configure:3511: result: yes
configure:3514: checking for C compiler default output file name
configure:3516: result: a.out
configure:3522: checking for suffix of executables
configure:3529: gcc -o conftest    conftest.c  >&5
configure:3533: $? = 0
configure:3556: result: 
configure:3578: checking whether we are cross compiling
configure:3586: gcc -o conftest    conftest.c  >&5
configure:3590: $? = 0
configure:3597: ./conftest
configure:3601: $? = 0
configure:3616: result: no
configure:3621: checking for suffix of object files
configure:3644: gcc -c   conftest.c >&5
configure:3648: $? = 0
configure:3670: result: o
configure:3674: checking whether the compiler supports GNU C
configure:3694: gcc -c   conftest.c >&5
configure:3694: $? = 0
configure:3704: result: yes
configure:3715: checking whether gcc accepts -g
configure:3736: gcc -c -g  conftest.c >&5
configure:3736: $? = 0
configure:3780: result: yes
configure:3800: checking for gcc option to enable C11 features
configure:3815: gcc  -c -g -O2  conftest.c >&5
configure:3815: $? = 0
configure:3833: result: none needed
configure:3949: checking whether gcc understands -c and -o together
configure:3972: gcc -c conftest.c -o conftest2.o
configure:3975: $? = 0
configure:3972: gcc -c conftest.c -o conftest2.o
configure:3975: $? = 0
configure:3987: result: yes
configure:4007: checking whether make supports the include directive
configure:4022: make -f confmf.GNU && cat confinc.out
this is the am__doit target
configure:4025: $? = 0
configure:4044: result: yes (GNU style)
configure:4070: checking dependency style of gcc
configure:4182: result: gcc3
configure:4202: checking for gawk
configure:4234: result: gawk
configure:4253: checking for stdio.h
configure:4253: gcc -c -g -O2  conftest.c >&5
configure:4253: $? = 0
configure:4253: result: yes
configure:4253: checking for stdlib.h
configure:4253: gcc -c -g -O2  conftest.c >&5
configure:4253: $? = 0
configure:4253: result: yes
configure:4253: checking for string.h
configure:4253: gcc -c -g -O2  conftest.c >&5
configure:4253: $? = 0
configure:4253: result: yes
configure:4253: checking for inttypes.h
configure:4253: gcc -c -g -O2  conftest.c >&5
configure:4253: $? = 0
configure:4253: result: yes
configure:4253: checking for stdint.h
configure:4253: gcc -c -g -O2  conftest.c >&5
configure:4253: $? = 0
configure:4253: result: yes
configure:4253: checking for strings.h
configure:4253: gcc -c -g -O2  conftest.c >&5
configure:4253: $? = 0
configure:4253: result: yes
configure:4253: checking for sys/stat.h
configure:4253: gcc -c -g -O2  conftest.c >&5
configure:4253: $? = 0
configure:4253: result: yes
configure:4253: checking for sys/types.h
configure:4253: gcc -c -g -O2  conftest.c >&5
configure:4253: $? = 0
configure:4253: result: yes
configure:4253: checking for unistd.h
configure:4253: gcc -c -g -O2  conftest.c >&5
configure:4253: $? = 0
configure:4253: result: yes
configure:4278: checking for grep that handles long lines and -e
configure:4342: result: /usr/bin/grep
configure:4350: checking for egrep
configure:4418: result: /usr/bin/grep -E
configure:4536: checking that generated files are newer than configure
configure:4542: result: done
configure:4565: creating ./config.status

## ---------------------- ##
## Running config.status. ##
## ---------------------- ##

This file was extended by pdp11tools config.status 1.1, which was
generated by GNU Autoconf 2.71.  Invocation command line was

  CONFIG_FILES    = 
  CONFIG_HEADERS  = 
  CONFIG_LINKS    = 
  CONFIG_COMMANDS = 
  $ ./config.status 

on rampa-mac.local

config.status:848: creating Makefile
config.status:848: creating conf.h
config.status:1029: conf.h is unchanged
config.status:1077: executing depfiles commands
config.status:1154: cd .       && sed -e '/# am--include-marker/d' Makefile         | make -f - am--depfiles
make: Nothing to be done for `am--depfiles'.
config.status:1159: $? = 0

## ---------------- ##
## Cache variables. ##
## ---------------- ##

ac_cv_c_compiler_gnu=yes
ac_cv_env_CC_set=
ac_cv_env_CC_value=
ac_cv_env_CFLAGS_set=
ac_cv_env_CFLAGS_value=
ac_cv_env_CPPFLAGS_set=
ac_cv_env_CPPFLAGS_value=
ac_cv_env_LDFLAGS_set=
ac_cv_env_LDFLAGS_value=
ac_cv_env_LIBS_set=
ac_cv_env_LIBS_value=
ac_cv_env_build_alias_set=
ac_cv_env_build_alias_value=
ac_cv_env_host_alias_set=
ac_cv_env_host_alias_value=
ac_cv_env_target_alias_set=
ac_cv_env_target_alias_value=
ac_cv_header_inttypes_h=yes
ac_cv_header_stdint_h=yes
ac_cv_header_stdio_h=yes
ac_cv_header_stdlib_h=yes
ac_cv_header_string_h=yes
ac_cv_header_strings_h=yes
ac_cv_header_sys_stat_h=yes
ac_cv_header_sys_types_h=yes
ac_cv_header_unistd_h=yes
ac_cv_objext=o
ac_cv_path_EGREP='/usr/bin/grep -E'
ac_cv_path_GREP=/usr/bin/grep
ac_cv_path_install='/opt/homebrew/bin/ginstall -c'
ac_cv_path_mkdir=/opt/homebrew/bin/gmkdir
ac_cv_prog_AWK=gawk
ac_cv_prog_ac_ct_CC=gcc
ac_cv_prog_cc_c11=
ac_cv_prog_cc_g=yes
ac_cv_prog_cc_stdc=
ac_cv_prog_make_make_set=yes
am_cv_CC_dependencies_compiler_type=gcc3
am_cv_make_support_nested_variables=yes
am_cv_prog_cc_c_o=yes

## ----------------- ##
## Output variables. ##
## ----------------- ##

ACLOCAL='${SHELL} '\''/Volumes/DATA/Devel/FPGA/MiSTer/PDP2011_MiSTer/tools/config/missing'\'' aclocal-1.16'
AMDEPBACKSLASH='\'
AMDEP_FALSE='#'
AMDEP_TRUE=''
AMTAR='$${TAR-tar}'
AM_BACKSLASH='\'
AM_DEFAULT_V='$(AM_DEFAULT_VERBOSITY)'
AM_DEFAULT_VERBOSITY='1'
AM_V='$(V)'
AUTOCONF='${SHELL} '\''/Volumes/DATA/Devel/FPGA/MiSTer/PDP2011_MiSTer/tools/config/missing'\'' autoconf'
AUTOHEADER='${SHELL} '\''/Volumes/DATA/Devel/FPGA/MiSTer/PDP2011_MiSTer/tools/config/missing'\'' autoheader'
AUTOMAKE='${SHELL} '\''/Volumes/DATA/Devel/FPGA/MiSTer/PDP2011_MiSTer/tools/config/missing'\'' automake-1.16'
AWK='gawk'
CC='gcc'
CCDEPMODE='depmode=gcc3'
CFLAGS='-g -O2'
CPPFLAGS=''
CSCOPE='cscope'
CTAGS='ctags'
CYGPATH_W='echo'
DEFS='-DHAVE_CONFIG_H'
DEPDIR='.deps'
ECHO_C='\c'
ECHO_N=''
ECHO_T=''
EGREP='/usr/bin/grep -E'
ETAGS='etags'
EXEEXT=''
GREP='/usr/bin/grep'
INSTALL_DATA='${INSTALL} -m 644'
INSTALL_PROGRAM='${INSTALL}'
INSTALL_SCRIPT='${INSTALL}'
INSTALL_STRIP_PROGRAM='$(install_sh) -c -s'
LDFLAGS=''
LIBOBJS=''
LIBS=''
LTLIBOBJS=''
MAKEINFO='${SHELL} '\''/Volumes/DATA/Devel/FPGA/MiSTer/PDP2011_MiSTer/tools/config/missing'\'' makeinfo'
MKDIR_P='/opt/homebrew/bin/gmkdir -p'
OBJEXT='o'
PACKAGE='pdp11tools'
PACKAGE_BUGREPORT=''
PACKAGE_NAME='pdp11tools'
PACKAGE_STRING='pdp11tools 1.1'
PACKAGE_TARNAME='pdp11tools'
PACKAGE_URL=''
PACKAGE_VERSION='1.1'
PATH_SEPARATOR=':'
SET_MAKE=''
SHELL='/bin/sh'
STRIP=''
VERSION='1.1'
ac_ct_CC='gcc'
am__EXEEXT_FALSE=''
am__EXEEXT_TRUE='#'
am__fastdepCC_FALSE='#'
am__fastdepCC_TRUE=''
am__include='include'
am__isrc=''
am__leading_dot='.'
am__nodep='_no'
am__quote=''
am__tar='$${TAR-tar} chof - "$$tardir"'
am__untar='$${TAR-tar} xf -'
bindir='${exec_prefix}/bin'
build_alias=''
datadir='${datarootdir}'
datarootdir='${prefix}/share'
docdir='${datarootdir}/doc/${PACKAGE_TARNAME}'
dvidir='${docdir}'
exec_prefix='${prefix}'
host_alias=''
htmldir='${docdir}'
includedir='${prefix}/include'
infodir='${datarootdir}/info'
install_sh='${SHELL} /Volumes/DATA/Devel/FPGA/MiSTer/PDP2011_MiSTer/tools/config/install-sh'
libdir='${exec_prefix}/lib'
libexecdir='${exec_prefix}/libexec'
localedir='${datarootdir}/locale'
localstatedir='${prefix}/var'
mandir='${datarootdir}/man'
mkdir_p='$(MKDIR_P)'
oldincludedir='/usr/include'
pdfdir='${docdir}'
prefix='/usr/local'
program_transform_name='s,x,x,'
psdir='${docdir}'
runstatedir='${localstatedir}/run'
sbindir='${exec_prefix}/sbin'
sharedstatedir='${prefix}/com'
sysconfdir='${prefix}/etc'
target_alias=''

## ----------- ##
## confdefs.h. ##
## ----------- ##

/* confdefs.h */
#define PACKAGE_NAME "pdp11tools"
#define PACKAGE_TARNAME "pdp11tools"
#define PACKAGE_VERSION "1.1"
#define PACKAGE_STRING "pdp11tools 1.1"
#define PACKAGE_BUGREPORT ""
#define PACKAGE_URL ""
#define PACKAGE "pdp11tools"
#define VERSION "1.1"
#define HAVE_STDIO_H 1
#define HAVE_STDLIB_H 1
#define HAVE_STRING_H 1
#define HAVE_INTTYPES_H 1
#define HAVE_STDINT_H 1
#define HAVE_STRINGS_H 1
#define HAVE_SYS_STAT_H 1
#define HAVE_SYS_TYPES_H 1
#define HAVE_UNISTD_H 1
#define STDC_HEADERS 1

configure: exit 0

## ---------------------- ##
## Running config.status. ##
## ---------------------- ##

This file was extended by pdp11tools config.status 1.1, which was
generated by GNU Autoconf 2.71.  Invocation command line was

  CONFIG_FILES    = 
  CONFIG_HEADERS  = 
  CONFIG_LINKS    = 
  CONFIG_COMMANDS = 
  $ ./config.status conf.h

on rampa-mac.local

config.status:848: creating conf.h
config.status:1029: conf.h is unchanged
